<?xml version="1.0" encoding="UTF-8"?>
<!-- Generated by org.testng.reporters.JUnitXMLReporter -->
<testsuite ignored="0" hostname="DESKTOP-0VUM3F6" failures="0" tests="5" name="Test" time="17.662" errors="0" timestamp="2022-06-22T16:08:43 IST">
  <testcase classname="tests.Testthree" name="testthree" time="0.013"/>
  <testcase classname="tests.testFour" name="testfour" time="0.002"/>
  <testcase classname="tests.TestTwo" name="testTwo" time="0.004"/>
  <testcase classname="tests.LoginText" name="login" time="1.072"/>
  <testcase classname="tests.LoginText" name="login" time="10.898"/>
</testsuite> <!-- Test -->
