<?xml version="1.0" encoding="UTF-8"?>
<!-- Generated by org.testng.reporters.JUnitXMLReporter -->
<testsuite hostname="DESKTOP-0VUM3F6" ignored="0" name="Test" tests="5" failures="0" timestamp="2022-06-21T19:05:53 IST" time="13.5" errors="0">
  <testcase name="testthree" time="0.003" classname="tests.Testthree"/>
  <testcase name="testfour" time="0.0" classname="tests.testFour"/>
  <testcase name="testTwo" time="0.0" classname="tests.TestTwo"/>
  <testcase name="login" time="7.526" classname="tests.LoginText"/>
  <testcase name="login" time="5.718" classname="tests.LoginText"/>
</testsuite> <!-- Test -->
