<?xml version="1.0" encoding="UTF-8"?>
<testng-results skipped="0" failed="0" ignored="0" total="5" passed="5">
  <reporter-output>
  </reporter-output>
  <suite name="Suite" duration-ms="13500" started-at="2022-06-21T19:05:40 IST" finished-at="2022-06-21T19:05:53 IST">
    <groups>
    </groups>
    <test name="Test" duration-ms="13500" started-at="2022-06-21T19:05:40 IST" finished-at="2022-06-21T19:05:53 IST">
      <class name="tests.TestTwo">
        <test-method status="PASS" signature="testTwo()[pri:0, instance:tests.TestTwo@2781e022]" name="testTwo" duration-ms="0" started-at="2022-06-21T19:05:40 IST" finished-at="2022-06-21T19:05:40 IST">
          <reporter-output>
          </reporter-output>
        </test-method> <!-- testTwo -->
      </class> <!-- tests.TestTwo -->
      <class name="tests.LoginText">
        <test-method status="PASS" signature="login(java.lang.String,java.lang.String,java.lang.String)[pri:0, instance:tests.LoginText@1877ab81]" name="login" duration-ms="7526" started-at="2022-06-21T19:05:40 IST" data-provider="getloginData" finished-at="2022-06-21T19:05:47 IST">
          <params>
            <param index="0">
              <value>
                <![CDATA[sonalkharde05@gmail.com]]>
              </value>
            </param>
            <param index="1">
              <value>
                <![CDATA[B@s98765432]]>
              </value>
            </param>
            <param index="2">
              <value>
                <![CDATA[Sucessful]]>
              </value>
            </param>
          </params>
          <reporter-output>
          </reporter-output>
        </test-method> <!-- login -->
        <test-method status="PASS" signature="closur()[pri:0, instance:tests.LoginText@1877ab81]" name="closur" is-config="true" duration-ms="101" started-at="2022-06-21T19:05:47 IST" finished-at="2022-06-21T19:05:47 IST">
          <reporter-output>
          </reporter-output>
        </test-method> <!-- closur -->
        <test-method status="PASS" signature="login(java.lang.String,java.lang.String,java.lang.String)[pri:0, instance:tests.LoginText@1877ab81]" name="login" duration-ms="5718" started-at="2022-06-21T19:05:47 IST" data-provider="getloginData" finished-at="2022-06-21T19:05:53 IST">
          <params>
            <param index="0">
              <value>
                <![CDATA[dummy@test.com]]>
              </value>
            </param>
            <param index="1">
              <value>
                <![CDATA[dummy]]>
              </value>
            </param>
            <param index="2">
              <value>
                <![CDATA[Failure]]>
              </value>
            </param>
          </params>
          <reporter-output>
          </reporter-output>
        </test-method> <!-- login -->
        <test-method status="PASS" signature="closur()[pri:0, instance:tests.LoginText@1877ab81]" name="closur" is-config="true" duration-ms="110" started-at="2022-06-21T19:05:53 IST" finished-at="2022-06-21T19:05:53 IST">
          <reporter-output>
          </reporter-output>
        </test-method> <!-- closur -->
      </class> <!-- tests.LoginText -->
      <class name="tests.Testthree">
        <test-method status="PASS" signature="testthree()[pri:0, instance:tests.Testthree@33f88ab]" name="testthree" duration-ms="3" started-at="2022-06-21T19:05:40 IST" finished-at="2022-06-21T19:05:40 IST">
          <reporter-output>
          </reporter-output>
        </test-method> <!-- testthree -->
      </class> <!-- tests.Testthree -->
      <class name="tests.testFour">
        <test-method status="PASS" signature="testfour()[pri:0, instance:tests.testFour@4493d195]" name="testfour" duration-ms="0" started-at="2022-06-21T19:05:40 IST" finished-at="2022-06-21T19:05:40 IST">
          <reporter-output>
          </reporter-output>
        </test-method> <!-- testfour -->
      </class> <!-- tests.testFour -->
    </test> <!-- Test -->
  </suite> <!-- Suite -->
</testng-results>
