<?xml version="1.0" encoding="UTF-8"?>
<testsuite xmlns:xsi="http://www.w3.org/2001/XMLSchema-instance" xsi:noNamespaceSchemaLocation="https://maven.apache.org/surefire/maven-surefire-plugin/xsd/surefire-test-report.xsd" name="TestSuite" time="14.187" tests="5" errors="0" skipped="0" failures="0">
  <properties>
[...]
</properties>
  <testcase name="testthree" classname="tests.Testthree" time="0.004"/>
  <testcase name="testfour" classname="tests.testFour" time="0"/>
  <testcase name="testTwo" classname="tests.TestTwo" time="0"/>
  <testcase name="login" classname="tests.LoginText" time="7.526"/>
  <testcase name="login" classname="tests.LoginText" time="5.719"/>
</testsuite>